<?xml version="1.0" encoding="UTF-8"?>
<!-- Generated by org.testng.reporters.JUnitReportReporter -->
<testsuite hostname="DELL3400-2408" failures="0" tests="1" name="com.TestExecute.BVT.SmokeTestDirectory2" time="10.069" errors="0" timestamp="19 Sep 2021 10:00:36 GMT" skipped="0">
  <testcase classname="com.TestExecute.BVT.SmokeTestDirectory2" name="test1" time="10.069"/>
</testsuite> <!-- com.TestExecute.BVT.SmokeTestDirectory2 -->
